[debug] [2021-01-11T05:45:28.632Z] ----------------------------------------------------------------------
[debug] [2021-01-11T05:45:28.634Z] Command:       C:\Program Files\nodejs\node.exe C:\Users\wiski\AppData\Roaming\npm\node_modules\firebase-tools\lib\bin\firebase.js deploy
[debug] [2021-01-11T05:45:28.634Z] CLI Version:   9.1.2
[debug] [2021-01-11T05:45:28.634Z] Platform:      win32
[debug] [2021-01-11T05:45:28.634Z] Node Version:  v14.15.3
[debug] [2021-01-11T05:45:28.635Z] Time:          Mon Jan 11 2021 14:45:28 GMT+0900 (대한민국 표준시)
[debug] [2021-01-11T05:45:28.635Z] ----------------------------------------------------------------------
[debug] [2021-01-11T05:45:28.635Z] 
[debug] [2021-01-11T05:45:28.637Z] >>> [apiv2][query] GET https://firebase-public.firebaseio.com/cli.json [none]
[debug] [2021-01-11T05:45:28.656Z] > command requires scopes: ["email","openid","https://www.googleapis.com/auth/cloudplatformprojects.readonly","https://www.googleapis.com/auth/firebase","https://www.googleapis.com/auth/cloud-platform"]
[debug] [2021-01-11T05:45:28.656Z] > authorizing via signed-in user
[debug] [2021-01-11T05:45:28.656Z] [iam] checking project t21x-in for permissions ["firebase.projects.get","firebasehosting.sites.update"]
[debug] [2021-01-11T05:45:28.658Z] > refreshing access token with scopes: ["email","https://www.googleapis.com/auth/cloud-platform","https://www.googleapis.com/auth/cloudplatformprojects.readonly","https://www.googleapis.com/auth/firebase","openid"]
[debug] [2021-01-11T05:45:28.658Z] >>> HTTP REQUEST POST https://www.googleapis.com/oauth2/v3/token  
 <request body omitted>
[debug] [2021-01-11T05:45:28.888Z] <<< HTTP RESPONSE 200 {"cache-control":"no-cache, no-store, max-age=0, must-revalidate","date":"Mon, 11 Jan 2021 05:45:28 GMT","pragma":"no-cache","expires":"Mon, 01 Jan 1990 00:00:00 GMT","content-type":"application/json; charset=utf-8","vary":"X-Origin, Referer, Origin,Accept-Encoding","server":"scaffolding on HTTPServer2","x-xss-protection":"0","x-frame-options":"SAMEORIGIN","x-content-type-options":"nosniff","alt-svc":"h3-29=\":443\"; ma=2592000,h3-T051=\":443\"; ma=2592000,h3-Q050=\":443\"; ma=2592000,h3-Q046=\":443\"; ma=2592000,h3-Q043=\":443\"; ma=2592000,quic=\":443\"; ma=2592000; v=\"46,43\"","accept-ranges":"none","transfer-encoding":"chunked"}
[debug] [2021-01-11T05:45:28.899Z] >>> HTTP REQUEST POST https://cloudresourcemanager.googleapis.com/v1/projects/t21x-in:testIamPermissions  
 {"permissions":["firebase.projects.get","firebasehosting.sites.update"]}
[debug] [2021-01-11T05:45:29.228Z] <<< [apiv2][status] GET https://firebase-public.firebaseio.com/cli.json 200
[debug] [2021-01-11T05:45:29.228Z] <<< [apiv2][body] GET https://firebase-public.firebaseio.com/cli.json {"cloudBuildErrorAfter":1594252800000,"cloudBuildWarnAfter":1590019200000,"defaultNode10After":1594252800000,"minVersion":"3.0.5","node8DeploysDisabledAfter":1613390400000,"node8RuntimeDisabledAfter":1615809600000,"node8WarnAfter":1600128000000}
[debug] [2021-01-11T05:45:34.618Z] <<< HTTP RESPONSE 200 {"content-type":"application/json; charset=UTF-8","vary":"X-Origin, Referer, Origin,Accept-Encoding","date":"Mon, 11 Jan 2021 05:45:34 GMT","server":"ESF","cache-control":"private","x-xss-protection":"0","x-frame-options":"SAMEORIGIN","x-content-type-options":"nosniff","server-timing":"gfet4t7; dur=572","alt-svc":"h3-29=\":443\"; ma=2592000,h3-T051=\":443\"; ma=2592000,h3-Q050=\":443\"; ma=2592000,h3-Q046=\":443\"; ma=2592000,h3-Q043=\":443\"; ma=2592000,quic=\":443\"; ma=2592000; v=\"46,43\"","accept-ranges":"none","transfer-encoding":"chunked"}
[debug] [2021-01-11T05:45:34.619Z] >>> HTTP REQUEST GET https://firebase.googleapis.com/v1beta1/projects/t21x-in  
 
[debug] [2021-01-11T05:45:35.000Z] <<< HTTP RESPONSE 200 {"content-type":"application/json; charset=UTF-8","vary":"X-Origin, Referer, Origin,Accept-Encoding","date":"Mon, 11 Jan 2021 05:45:34 GMT","server":"ESF","cache-control":"private","x-xss-protection":"0","x-frame-options":"SAMEORIGIN","x-content-type-options":"nosniff","alt-svc":"h3-29=\":443\"; ma=2592000,h3-T051=\":443\"; ma=2592000,h3-Q050=\":443\"; ma=2592000,h3-Q046=\":443\"; ma=2592000,h3-Q043=\":443\"; ma=2592000,quic=\":443\"; ma=2592000; v=\"46,43\"","accept-ranges":"none","transfer-encoding":"chunked"}
[info] 
[info] === Deploying to 't21x-in'...
[info] 
[info] i  deploying hosting 
[debug] [2021-01-11T05:45:35.006Z] >>> HTTP REQUEST POST https://firebasehosting.googleapis.com/v1beta1/sites/t21x-in/versions  
 {"config":{"rewrites":[{"glob":"**","path":"/index.html"}]},"labels":{"deployment-tool":"cli-firebase"}}
[debug] [2021-01-11T05:45:45.201Z] Error: getaddrinfo EAI_AGAIN firebasehosting.googleapis.com
    at GetAddrInfoReqWrap.onlookup [as oncomplete] (dns.js:67:26)
[error] 
[error] Error: Server Error. getaddrinfo EAI_AGAIN firebasehosting.googleapis.com
[debug] [2021-01-11T05:46:23.363Z] ----------------------------------------------------------------------
[debug] [2021-01-11T05:46:23.365Z] Command:       C:\Program Files\nodejs\node.exe C:\Users\wiski\AppData\Roaming\npm\node_modules\firebase-tools\lib\bin\firebase.js deploy
[debug] [2021-01-11T05:46:23.366Z] CLI Version:   9.1.2
[debug] [2021-01-11T05:46:23.366Z] Platform:      win32
[debug] [2021-01-11T05:46:23.366Z] Node Version:  v14.15.3
[debug] [2021-01-11T05:46:23.366Z] Time:          Mon Jan 11 2021 14:46:23 GMT+0900 (대한민국 표준시)
[debug] [2021-01-11T05:46:23.367Z] ----------------------------------------------------------------------
[debug] [2021-01-11T05:46:23.367Z] 
[debug] [2021-01-11T05:46:23.372Z] > command requires scopes: ["email","openid","https://www.googleapis.com/auth/cloudplatformprojects.readonly","https://www.googleapis.com/auth/firebase","https://www.googleapis.com/auth/cloud-platform"]
[debug] [2021-01-11T05:46:23.373Z] > authorizing via signed-in user
[debug] [2021-01-11T05:46:23.373Z] [iam] checking project t21x-in for permissions ["firebase.projects.get","firebasehosting.sites.update"]
[debug] [2021-01-11T05:46:23.375Z] >>> HTTP REQUEST POST https://cloudresourcemanager.googleapis.com/v1/projects/t21x-in:testIamPermissions  
 {"permissions":["firebase.projects.get","firebasehosting.sites.update"]}
[debug] [2021-01-11T05:46:24.114Z] <<< HTTP RESPONSE 200 {"content-type":"application/json; charset=UTF-8","vary":"X-Origin, Referer, Origin,Accept-Encoding","date":"Mon, 11 Jan 2021 05:46:23 GMT","server":"ESF","cache-control":"private","x-xss-protection":"0","x-frame-options":"SAMEORIGIN","x-content-type-options":"nosniff","server-timing":"gfet4t7; dur=570","alt-svc":"h3-29=\":443\"; ma=2592000,h3-T051=\":443\"; ma=2592000,h3-Q050=\":443\"; ma=2592000,h3-Q046=\":443\"; ma=2592000,h3-Q043=\":443\"; ma=2592000,quic=\":443\"; ma=2592000; v=\"46,43\"","accept-ranges":"none","transfer-encoding":"chunked"}
[debug] [2021-01-11T05:46:24.115Z] >>> HTTP REQUEST GET https://firebase.googleapis.com/v1beta1/projects/t21x-in  
 
[debug] [2021-01-11T05:46:24.712Z] <<< HTTP RESPONSE 200 {"content-type":"application/json; charset=UTF-8","vary":"X-Origin, Referer, Origin,Accept-Encoding","date":"Mon, 11 Jan 2021 05:46:24 GMT","server":"ESF","cache-control":"private","x-xss-protection":"0","x-frame-options":"SAMEORIGIN","x-content-type-options":"nosniff","alt-svc":"h3-29=\":443\"; ma=2592000,h3-T051=\":443\"; ma=2592000,h3-Q050=\":443\"; ma=2592000,h3-Q046=\":443\"; ma=2592000,h3-Q043=\":443\"; ma=2592000,quic=\":443\"; ma=2592000; v=\"46,43\"","accept-ranges":"none","transfer-encoding":"chunked"}
[info] 
[info] === Deploying to 't21x-in'...
[info] 
[info] i  deploying hosting 
[debug] [2021-01-11T05:46:24.724Z] >>> HTTP REQUEST POST https://firebasehosting.googleapis.com/v1beta1/sites/t21x-in/versions  
 {"config":{"rewrites":[{"glob":"**","path":"/index.html"}]},"labels":{"deployment-tool":"cli-firebase"}}
[debug] [2021-01-11T05:46:34.989Z] Error: getaddrinfo EAI_AGAIN firebasehosting.googleapis.com
    at GetAddrInfoReqWrap.onlookup [as oncomplete] (dns.js:67:26)
[error] 
[error] Error: Server Error. getaddrinfo EAI_AGAIN firebasehosting.googleapis.com
